<?xml version="1.0" encoding="UTF-8"?>
<!-- Generated by org.testng.reporters.JUnitReportReporter -->
<testsuite hostname="LENPC0VZCPE" failures="0" tests="1" name="com.testcases.ReadDataFromExcel" time="1.346" errors="0" timestamp="2023-06-03T22:28:45 MESZ" skipped="0">
  <testcase classname="com.testcases.ReadDataFromExcel" name="ReadDataFromExcel" time="1.346"/>
  <system-out/>
</testsuite> <!-- com.testcases.ReadDataFromExcel -->
