<?xml version="1.0" encoding="UTF-8"?>
<!-- Generated by org.testng.reporters.JUnitReportReporter -->
<testsuite hostname="LENPC0VZCPE" failures="0" tests="1" name="com.testcases.WriteDataToExcel" time="64.854" errors="0" timestamp="2023-06-04T00:19:55 MESZ" skipped="0">
  <testcase classname="com.testcases.WriteDataToExcel" name="GetURL" time="64.854"/>
  <system-out/>
</testsuite> <!-- com.testcases.WriteDataToExcel -->
