<?xml version="1.0" encoding="UTF-8"?>
<!-- Generated by org.testng.reporters.JUnitReportReporter -->
<testsuite hostname="LENPC0VZCPE" failures="0" tests="2" name="com.testcases.PropertyFileExample" time="106.990" errors="0" timestamp="2023-06-02T23:52:52 MESZ" skipped="0">
  <testcase classname="com.testcases.PropertyFileExample" name="WriteData" time="106.977"/>
  <system-out/>
  <testcase classname="com.testcases.PropertyFileExample" name="ReadData" time="0.013"/>
  <system-out/>
</testsuite> <!-- com.testcases.PropertyFileExample -->
